#
# There is insufficient memory for the Java Runtime Environment to continue.
# Native memory allocation (mmap) failed to map 65536 bytes. Error detail: Failed to commit metaspace.
# Possible reasons:
#   The system is out of physical RAM or swap space
#   This process is running with CompressedOops enabled, and the Java Heap may be blocking the growth of the native heap
# Possible solutions:
#   Reduce memory load on the system
#   Increase physical memory or swap space
#   Check if swap backing store is full
#   Decrease Java heap size (-Xmx/-Xms)
#   Decrease number of Java threads
#   Decrease Java thread stack sizes (-Xss)
#   Set larger code cache with -XX:ReservedCodeCacheSize=
#   JVM is running with Unscaled Compressed Oops mode in which the Java heap is
#     placed in the first 4GB address space. The Java Heap base address is the
#     maximum limit for the native heap growth. Please use -XX:HeapBaseMinAddress
#     to set the Java Heap base and to place the Java Heap above 4GB virtual address.
# This output file may be truncated or incomplete.
#
#  Out of Memory Error (virtualSpaceNode.cpp:113), pid=11020, tid=3148
#
# JRE version: OpenJDK Runtime Environment (21.0.5) (build 21.0.5+-13047016-b750.29)
# Java VM: OpenJDK 64-Bit Server VM (21.0.5+-13047016-b750.29, mixed mode, tiered, compressed oops, compressed class ptrs, g1 gc, windows-amd64)
# No core dump will be written. Minidumps are not enabled by default on client versions of Windows
#

---------------  S U M M A R Y ------------

Command Line: git4idea.http.GitAskPassApp Username for 'https://github.com': 

Host: Intel(R) Core(TM) i7-8550U CPU @ 1.80GHz, 8 cores, 7G,  Windows 10 , 64 bit Build 19041 (10.0.19041.5438)
Time: Thu Mar 13 22:49:35 2025 Egypt Standard Time elapsed time: 0.340810 seconds (0d 0h 0m 0s)

---------------  T H R E A D  ---------------

Current thread (0x00000224a470d550):  JavaThread "main"             [_thread_in_vm, id=3148, stack(0x0000009a1c100000,0x0000009a1c200000) (1024K)]

Stack: [0x0000009a1c100000,0x0000009a1c200000]
Native frames: (J=compiled Java code, j=interpreted, Vv=VM code, C=native code)
V  [jvm.dll+0x6cfb29]
V  [jvm.dll+0x85df93]
V  [jvm.dll+0x8604ee]
V  [jvm.dll+0x860bd3]
V  [jvm.dll+0x27e6b6]
V  [jvm.dll+0x858e6e]
V  [jvm.dll+0x673d95]
V  [jvm.dll+0x1e3111]
V  [jvm.dll+0x1e2ede]
V  [jvm.dll+0x6766e8]
V  [jvm.dll+0x676522]
V  [jvm.dll+0x67478e]
V  [jvm.dll+0x26adc0]
V  [jvm.dll+0x21593b]
V  [jvm.dll+0x20ae29]
V  [jvm.dll+0x5b1d63]
V  [jvm.dll+0x21c86b]
V  [jvm.dll+0x7d555c]
V  [jvm.dll+0x7d6602]
V  [jvm.dll+0x7d6df2]
V  [jvm.dll+0x2161fc]
V  [jvm.dll+0x20ae42]
V  [jvm.dll+0x5b1d63]
V  [jvm.dll+0x21c86b]
V  [jvm.dll+0x7d555c]
V  [jvm.dll+0x7d6602]
V  [jvm.dll+0x7d6bc4]
V  [jvm.dll+0x7d6858]
V  [jvm.dll+0x26d41b]
V  [jvm.dll+0x3d4f2e]
C  0x00000224b05ca816

The last pc belongs to new (printed below).
Java frames: (J=compiled Java code, j=interpreted, Vv=VM code)
j  java.util.stream.StreamSupport.stream(Ljava/util/Spliterator;Z)Ljava/util/stream/Stream;+5 java.base@21.0.5
j  java.util.Collection.stream()Ljava/util/stream/Stream;+7 java.base@21.0.5
j  java.lang.ModuleLayer.layers(Ljava/lang/ClassLoader;)Ljava/util/stream/Stream;+16 java.base@21.0.5
j  java.lang.System$2.layers(Ljava/lang/ClassLoader;)Ljava/util/stream/Stream;+1 java.base@21.0.5
j  java.util.ServiceLoader$ModuleServicesLookupIterator.iteratorFor(Ljava/lang/ClassLoader;)Ljava/util/Iterator;+75 java.base@21.0.5
j  java.util.ServiceLoader$ModuleServicesLookupIterator.<init>(Ljava/util/ServiceLoader;)V+23 java.base@21.0.5
j  java.util.ServiceLoader.newLookupIterator()Ljava/util/Iterator;+49 java.base@21.0.5
j  java.util.ServiceLoader.iterator()Ljava/util/Iterator;+9 java.base@21.0.5
j  sun.security.jca.ProviderConfig$ProviderLoader.load(Ljava/lang/String;)Ljava/security/Provider;+40 java.base@21.0.5
j  sun.security.jca.ProviderConfig$3.run()Ljava/security/Provider;+44 java.base@21.0.5
j  sun.security.jca.ProviderConfig$3.run()Ljava/lang/Object;+1 java.base@21.0.5
j  java.security.AccessController.executePrivileged(Ljava/security/PrivilegedAction;Ljava/security/AccessControlContext;Ljava/lang/Class;)Ljava/lang/Object;+29 java.base@21.0.5
j  java.security.AccessController.doPrivileged(Ljava/security/PrivilegedAction;)Ljava/lang/Object;+5 java.base@21.0.5
j  sun.security.jca.ProviderConfig.doLoadProvider()Ljava/security/Provider;+8 java.base@21.0.5
j  sun.security.jca.ProviderConfig.getProvider()Ljava/security/Provider;+281 java.base@21.0.5
j  sun.security.jca.ProviderList.getProvider(I)Ljava/security/Provider;+6 java.base@21.0.5
j  sun.security.jca.ProviderList.getService(Ljava/lang/String;Ljava/lang/String;)Ljava/security/Provider$Service;+88 java.base@21.0.5
j  sun.security.jca.GetInstance.getInstance(Ljava/lang/String;Ljava/lang/Class;Ljava/lang/String;)Lsun/security/jca/GetInstance$Instance;+7 java.base@21.0.5
j  javax.net.ssl.SSLContext.getInstance(Ljava/lang/String;)Ljavax/net/ssl/SSLContext;+12 java.base@21.0.5
j  externalApp.ExternalAppUtil.sendIdeRequest(Ljava/lang/String;ILjava/lang/String;Ljava/lang/String;)LexternalApp/ExternalAppUtil$Result;+34
j  git4idea.http.GitAskPassApp.main([Ljava/lang/String;)V+37
v  ~StubRoutines::call_stub 0x00000224b05b100d
new  187 new  [0x00000224b05ca6a0, 0x00000224b05ca8a0]  512 bytes
[MachCode]
  0x00000224b05ca6a0: 4883 ec08 | c5fa 1104 | 24eb 1f48 | 83ec 10c5 | fb11 0424 | eb14 4883 | ec10 4889 | 0424 48c7 
  0x00000224b05ca6c0: 4424 0800 | 0000 00eb | 0150 410f | b755 010f | cac1 ea10 | 488b 4de8 | 488b 4908 | 488b 4908 
  0x00000224b05ca6e0: 488b 4108 | 807c 1004 | 070f 85ca | 0000 0066 | 8b54 d148 | 488b 4928 | 488b 4cd1 | 0851 80b9 
  0x00000224b05ca700: 4101 0000 | 040f 85ad | 0000 008b | 5108 f6c2 | 010f 85a1 | 0000 0049 | 8b87 b801 | 0000 488d 
  0x00000224b05ca720: 1c10 493b | 9fc8 0100 | 000f 8789 | 0000 0049 | 899f b801 | 0000 4883 | ea10 0f84 | 0f00 0000 
  0x00000224b05ca740: 33c9 c1ea | 0348 894c | d008 48ff | ca75 f648 | c700 0100 | 0000 5933 | f689 700c | 48c1 e903 
  0x00000224b05ca760: 8948 0849 | ba41 473b | 42f8 7f00 | 0041 803a | 000f 843c | 0000 0050 | 488b c848 | 83ec 2040 
  0x00000224b05ca780: f6c4 0f0f | 8419 0000 | 0048 83ec | 0848 b810 | 6cf5 41f8 | 7f00 00ff | d048 83c4 | 08e9 0c00 
  0x00000224b05ca7a0: 0000 48b8 | 106c f541 | f87f 0000 | ffd0 4883 | c420 58e9 | cb00 0000 | 5948 8b55 | e848 8b52 
  0x00000224b05ca7c0: 0848 8b52 | 0845 0fb7 | 4501 410f | c841 c1e8 | 10e8 0500 | 0000 e9a8 | 0000 0048 | 8d44 2408 
  0x00000224b05ca7e0: 4c89 6dc0 | 498b cfc5 | f877 4989 | afa8 0300 | 0049 8987 | 9803 0000 | 4883 ec20 | 40f6 c40f 
  0x00000224b05ca800: 0f84 1900 | 0000 4883 | ec08 48b8 | e04e bf41 | f87f 0000 | ffd0 4883 | c408 e90c | 0000 0048 
  0x00000224b05ca820: b8e0 4ebf | 41f8 7f00 | 00ff d048 | 83c4 2049 | c787 9803 | 0000 0000 | 0000 49c7 | 87a8 0300 
  0x00000224b05ca840: 0000 0000 | 0049 c787 | a003 0000 | 0000 0000 | c5f8 7749 | 837f 0800 | 0f84 0500 | 0000 e99d 
  0x00000224b05ca860: 66fe ff49 | 8b87 f003 | 0000 49c7 | 87f0 0300 | 0000 0000 | 004c 8b6d | c04c 8b75 | c84e 8d74 
  0x00000224b05ca880: f500 c341 | 0fb6 5d03 | 4983 c503 | 49ba 3011 | 3e42 f87f | 0000 41ff | 24da 660f | 1f44 0000 
[/MachCode]

---------------  P R O C E S S  ---------------

Threads class SMR info:
_java_thread_list=0x00000224c2226ce0, length=11, elements={
0x00000224a470d550, 0x00000224c2076190, 0x00000224c2076ea0, 0x00000224c205a760,
0x00000224c205b1b0, 0x00000224c205bc00, 0x00000224c205c650, 0x00000224c209a1e0,
0x00000224c209bdb0, 0x00000224c2226580, 0x00000224c2249e20
}

Java Threads: ( => current thread )
=>0x00000224a470d550 JavaThread "main"                              [_thread_in_vm, id=3148, stack(0x0000009a1c100000,0x0000009a1c200000) (1024K)]
  0x00000224c2076190 JavaThread "Reference Handler"          daemon [_thread_blocked, id=10200, stack(0x0000009a1c900000,0x0000009a1ca00000) (1024K)]
  0x00000224c2076ea0 JavaThread "Finalizer"                  daemon [_thread_blocked, id=148, stack(0x0000009a1ca00000,0x0000009a1cb00000) (1024K)]
  0x00000224c205a760 JavaThread "Signal Dispatcher"          daemon [_thread_blocked, id=1272, stack(0x0000009a1cb00000,0x0000009a1cc00000) (1024K)]
  0x00000224c205b1b0 JavaThread "Attach Listener"            daemon [_thread_blocked, id=6676, stack(0x0000009a1cc00000,0x0000009a1cd00000) (1024K)]
  0x00000224c205bc00 JavaThread "Service Thread"             daemon [_thread_blocked, id=12312, stack(0x0000009a1cd00000,0x0000009a1ce00000) (1024K)]
  0x00000224c205c650 JavaThread "Monitor Deflation Thread"   daemon [_thread_blocked, id=11248, stack(0x0000009a1ce00000,0x0000009a1cf00000) (1024K)]
  0x00000224c209a1e0 JavaThread "C2 CompilerThread0"         daemon [_thread_blocked, id=9796, stack(0x0000009a1cf00000,0x0000009a1d000000) (1024K)]
  0x00000224c209bdb0 JavaThread "C1 CompilerThread0"         daemon [_thread_blocked, id=5228, stack(0x0000009a1d000000,0x0000009a1d100000) (1024K)]
  0x00000224c2226580 JavaThread "Notification Thread"        daemon [_thread_blocked, id=4136, stack(0x0000009a1d100000,0x0000009a1d200000) (1024K)]
  0x00000224c2249e20 JavaThread "Common-Cleaner"             daemon [_thread_blocked, id=10376, stack(0x0000009a1d200000,0x0000009a1d300000) (1024K)]
Total: 11

Other Threads:
  0x00000224bdd9d7f0 VMThread "VM Thread"                           [id=7936, stack(0x0000009a1c800000,0x0000009a1c900000) (1024K)]
  0x00000224bdd13600 WatcherThread "VM Periodic Task Thread"        [id=9428, stack(0x0000009a1c700000,0x0000009a1c800000) (1024K)]
  0x00000224a4761a90 WorkerThread "GC Thread#0"                     [id=2092, stack(0x0000009a1c200000,0x0000009a1c300000) (1024K)]
  0x00000224a4772770 ConcurrentGCThread "G1 Main Marker"            [id=3848, stack(0x0000009a1c300000,0x0000009a1c400000) (1024K)]
  0x00000224a47733e0 WorkerThread "G1 Conc#0"                       [id=12344, stack(0x0000009a1c400000,0x0000009a1c500000) (1024K)]
  0x00000224a47de6b0 ConcurrentGCThread "G1 Refine#0"               [id=448, stack(0x0000009a1c500000,0x0000009a1c600000) (1024K)]
  0x00000224bdbda270 ConcurrentGCThread "G1 Service"                [id=11236, stack(0x0000009a1c600000,0x0000009a1c700000) (1024K)]
Total: 7

Threads with active compile tasks:
Total: 0

VM state: not at safepoint (normal execution)

VM Mutex/Monitor currently owned by a thread:  ([mutex/lock_event])
[0x00007ff8423cb160] Metaspace_lock - owner thread: 0x00000224a470d550

Heap address: 0x0000000081800000, size: 2024 MB, Compressed Oops mode: 32-bit

CDS archive(s) not mapped
Compressed class space mapped at: 0x0000000100000000-0x0000000140000000, reserved size: 1073741824
Narrow klass base: 0x0000000000000000, Narrow klass shift: 3, Narrow klass range: 0x140000000

GC Precious Log:
 CardTable entry size: 512
 Card Set container configuration: InlinePtr #cards 5 size 8 Array Of Cards #cards 12 size 40 Howl #buckets 4 coarsen threshold 1843 Howl Bitmap #cards 512 size 80 coarsen threshold 460 Card regions per heap region 1 cards per card region 2048
 CPUs: 8 total, 8 available
 Memory: 8089M
 Large Page Support: Disabled
 NUMA Support: Disabled
 Compressed Oops: Enabled (32-bit)
 Heap Region Size: 1M
 Heap Min Capacity: 8M
 Heap Initial Capacity: 128M
 Heap Max Capacity: 2024M
 Pre-touch: Disabled
 Parallel Workers: 8
 Concurrent Workers: 2
 Concurrent Refinement Workers: 8
 Periodic GC: Disabled

Heap:
 garbage-first heap   total 131072K, used 2048K [0x0000000081800000, 0x0000000100000000)
  region size 1024K, 3 young (3072K), 0 survivors (0K)
 Metaspace       used 6727K, committed 6848K, reserved 1114112K
  class space    used 590K, committed 704K, reserved 1048576K

Heap Regions: E=young(eden), S=young(survivor), O=old, HS=humongous(starts), HC=humongous(continues), CS=collection set, F=free, TAMS=top-at-mark-start, PB=parsable bottom
|   0|0x0000000081800000, 0x0000000081800000, 0x0000000081900000|  0%| F|  |TAMS 0x0000000081800000| PB 0x0000000081800000| Untracked 
|   1|0x0000000081900000, 0x0000000081900000, 0x0000000081a00000|  0%| F|  |TAMS 0x0000000081900000| PB 0x0000000081900000| Untracked 
|   2|0x0000000081a00000, 0x0000000081a00000, 0x0000000081b00000|  0%| F|  |TAMS 0x0000000081a00000| PB 0x0000000081a00000| Untracked 
|   3|0x0000000081b00000, 0x0000000081b00000, 0x0000000081c00000|  0%| F|  |TAMS 0x0000000081b00000| PB 0x0000000081b00000| Untracked 
|   4|0x0000000081c00000, 0x0000000081c00000, 0x0000000081d00000|  0%| F|  |TAMS 0x0000000081c00000| PB 0x0000000081c00000| Untracked 
|   5|0x0000000081d00000, 0x0000000081d00000, 0x0000000081e00000|  0%| F|  |TAMS 0x0000000081d00000| PB 0x0000000081d00000| Untracked 
|   6|0x0000000081e00000, 0x0000000081e00000, 0x0000000081f00000|  0%| F|  |TAMS 0x0000000081e00000| PB 0x0000000081e00000| Untracked 
|   7|0x0000000081f00000, 0x0000000081f00000, 0x0000000082000000|  0%| F|  |TAMS 0x0000000081f00000| PB 0x0000000081f00000| Untracked 
|   8|0x0000000082000000, 0x0000000082000000, 0x0000000082100000|  0%| F|  |TAMS 0x0000000082000000| PB 0x0000000082000000| Untracked 
|   9|0x0000000082100000, 0x0000000082100000, 0x0000000082200000|  0%| F|  |TAMS 0x0000000082100000| PB 0x0000000082100000| Untracked 
|  10|0x0000000082200000, 0x0000000082200000, 0x0000000082300000|  0%| F|  |TAMS 0x0000000082200000| PB 0x0000000082200000| Untracked 
|  11|0x0000000082300000, 0x0000000082300000, 0x0000000082400000|  0%| F|  |TAMS 0x0000000082300000| PB 0x0000000082300000| Untracked 
|  12|0x0000000082400000, 0x0000000082400000, 0x0000000082500000|  0%| F|  |TAMS 0x0000000082400000| PB 0x0000000082400000| Untracked 
|  13|0x0000000082500000, 0x0000000082500000, 0x0000000082600000|  0%| F|  |TAMS 0x0000000082500000| PB 0x0000000082500000| Untracked 
|  14|0x0000000082600000, 0x0000000082600000, 0x0000000082700000|  0%| F|  |TAMS 0x0000000082600000| PB 0x0000000082600000| Untracked 
|  15|0x0000000082700000, 0x0000000082700000, 0x0000000082800000|  0%| F|  |TAMS 0x0000000082700000| PB 0x0000000082700000| Untracked 
|  16|0x0000000082800000, 0x0000000082800000, 0x0000000082900000|  0%| F|  |TAMS 0x0000000082800000| PB 0x0000000082800000| Untracked 
|  17|0x0000000082900000, 0x0000000082900000, 0x0000000082a00000|  0%| F|  |TAMS 0x0000000082900000| PB 0x0000000082900000| Untracked 
|  18|0x0000000082a00000, 0x0000000082a00000, 0x0000000082b00000|  0%| F|  |TAMS 0x0000000082a00000| PB 0x0000000082a00000| Untracked 
|  19|0x0000000082b00000, 0x0000000082b00000, 0x0000000082c00000|  0%| F|  |TAMS 0x0000000082b00000| PB 0x0000000082b00000| Untracked 
|  20|0x0000000082c00000, 0x0000000082c00000, 0x0000000082d00000|  0%| F|  |TAMS 0x0000000082c00000| PB 0x0000000082c00000| Untracked 
|  21|0x0000000082d00000, 0x0000000082d00000, 0x0000000082e00000|  0%| F|  |TAMS 0x0000000082d00000| PB 0x0000000082d00000| Untracked 
|  22|0x0000000082e00000, 0x0000000082e00000, 0x0000000082f00000|  0%| F|  |TAMS 0x0000000082e00000| PB 0x0000000082e00000| Untracked 
|  23|0x0000000082f00000, 0x0000000082f00000, 0x0000000083000000|  0%| F|  |TAMS 0x0000000082f00000| PB 0x0000000082f00000| Untracked 
|  24|0x0000000083000000, 0x0000000083000000, 0x0000000083100000|  0%| F|  |TAMS 0x0000000083000000| PB 0x0000000083000000| Untracked 
|  25|0x0000000083100000, 0x0000000083100000, 0x0000000083200000|  0%| F|  |TAMS 0x0000000083100000| PB 0x0000000083100000| Untracked 
|  26|0x0000000083200000, 0x0000000083200000, 0x0000000083300000|  0%| F|  |TAMS 0x0000000083200000| PB 0x0000000083200000| Untracked 
|  27|0x0000000083300000, 0x0000000083300000, 0x0000000083400000|  0%| F|  |TAMS 0x0000000083300000| PB 0x0000000083300000| Untracked 
|  28|0x0000000083400000, 0x0000000083400000, 0x0000000083500000|  0%| F|  |TAMS 0x0000000083400000| PB 0x0000000083400000| Untracked 
|  29|0x0000000083500000, 0x0000000083500000, 0x0000000083600000|  0%| F|  |TAMS 0x0000000083500000| PB 0x0000000083500000| Untracked 
|  30|0x0000000083600000, 0x0000000083600000, 0x0000000083700000|  0%| F|  |TAMS 0x0000000083600000| PB 0x0000000083600000| Untracked 
|  31|0x0000000083700000, 0x0000000083700000, 0x0000000083800000|  0%| F|  |TAMS 0x0000000083700000| PB 0x0000000083700000| Untracked 
|  32|0x0000000083800000, 0x0000000083800000, 0x0000000083900000|  0%| F|  |TAMS 0x0000000083800000| PB 0x0000000083800000| Untracked 
|  33|0x0000000083900000, 0x0000000083900000, 0x0000000083a00000|  0%| F|  |TAMS 0x0000000083900000| PB 0x0000000083900000| Untracked 
|  34|0x0000000083a00000, 0x0000000083a00000, 0x0000000083b00000|  0%| F|  |TAMS 0x0000000083a00000| PB 0x0000000083a00000| Untracked 
|  35|0x0000000083b00000, 0x0000000083b00000, 0x0000000083c00000|  0%| F|  |TAMS 0x0000000083b00000| PB 0x0000000083b00000| Untracked 
|  36|0x0000000083c00000, 0x0000000083c00000, 0x0000000083d00000|  0%| F|  |TAMS 0x0000000083c00000| PB 0x0000000083c00000| Untracked 
|  37|0x0000000083d00000, 0x0000000083d00000, 0x0000000083e00000|  0%| F|  |TAMS 0x0000000083d00000| PB 0x0000000083d00000| Untracked 
|  38|0x0000000083e00000, 0x0000000083e00000, 0x0000000083f00000|  0%| F|  |TAMS 0x0000000083e00000| PB 0x0000000083e00000| Untracked 
|  39|0x0000000083f00000, 0x0000000083f00000, 0x0000000084000000|  0%| F|  |TAMS 0x0000000083f00000| PB 0x0000000083f00000| Untracked 
|  40|0x0000000084000000, 0x0000000084000000, 0x0000000084100000|  0%| F|  |TAMS 0x0000000084000000| PB 0x0000000084000000| Untracked 
|  41|0x0000000084100000, 0x0000000084100000, 0x0000000084200000|  0%| F|  |TAMS 0x0000000084100000| PB 0x0000000084100000| Untracked 
|  42|0x0000000084200000, 0x0000000084200000, 0x0000000084300000|  0%| F|  |TAMS 0x0000000084200000| PB 0x0000000084200000| Untracked 
|  43|0x0000000084300000, 0x0000000084300000, 0x0000000084400000|  0%| F|  |TAMS 0x0000000084300000| PB 0x0000000084300000| Untracked 
|  44|0x0000000084400000, 0x0000000084400000, 0x0000000084500000|  0%| F|  |TAMS 0x0000000084400000| PB 0x0000000084400000| Untracked 
|  45|0x0000000084500000, 0x0000000084500000, 0x0000000084600000|  0%| F|  |TAMS 0x0000000084500000| PB 0x0000000084500000| Untracked 
|  46|0x0000000084600000, 0x0000000084600000, 0x0000000084700000|  0%| F|  |TAMS 0x0000000084600000| PB 0x0000000084600000| Untracked 
|  47|0x0000000084700000, 0x0000000084700000, 0x0000000084800000|  0%| F|  |TAMS 0x0000000084700000| PB 0x0000000084700000| Untracked 
|  48|0x0000000084800000, 0x0000000084800000, 0x0000000084900000|  0%| F|  |TAMS 0x0000000084800000| PB 0x0000000084800000| Untracked 
|  49|0x0000000084900000, 0x0000000084900000, 0x0000000084a00000|  0%| F|  |TAMS 0x0000000084900000| PB 0x0000000084900000| Untracked 
|  50|0x0000000084a00000, 0x0000000084a00000, 0x0000000084b00000|  0%| F|  |TAMS 0x0000000084a00000| PB 0x0000000084a00000| Untracked 
|  51|0x0000000084b00000, 0x0000000084b00000, 0x0000000084c00000|  0%| F|  |TAMS 0x0000000084b00000| PB 0x0000000084b00000| Untracked 
|  52|0x0000000084c00000, 0x0000000084c00000, 0x0000000084d00000|  0%| F|  |TAMS 0x0000000084c00000| PB 0x0000000084c00000| Untracked 
|  53|0x0000000084d00000, 0x0000000084d00000, 0x0000000084e00000|  0%| F|  |TAMS 0x0000000084d00000| PB 0x0000000084d00000| Untracked 
|  54|0x0000000084e00000, 0x0000000084e00000, 0x0000000084f00000|  0%| F|  |TAMS 0x0000000084e00000| PB 0x0000000084e00000| Untracked 
|  55|0x0000000084f00000, 0x0000000084f00000, 0x0000000085000000|  0%| F|  |TAMS 0x0000000084f00000| PB 0x0000000084f00000| Untracked 
|  56|0x0000000085000000, 0x0000000085000000, 0x0000000085100000|  0%| F|  |TAMS 0x0000000085000000| PB 0x0000000085000000| Untracked 
|  57|0x0000000085100000, 0x0000000085100000, 0x0000000085200000|  0%| F|  |TAMS 0x0000000085100000| PB 0x0000000085100000| Untracked 
|  58|0x0000000085200000, 0x0000000085200000, 0x0000000085300000|  0%| F|  |TAMS 0x0000000085200000| PB 0x0000000085200000| Untracked 
|  59|0x0000000085300000, 0x0000000085300000, 0x0000000085400000|  0%| F|  |TAMS 0x0000000085300000| PB 0x0000000085300000| Untracked 
|  60|0x0000000085400000, 0x0000000085400000, 0x0000000085500000|  0%| F|  |TAMS 0x0000000085400000| PB 0x0000000085400000| Untracked 
|  61|0x0000000085500000, 0x0000000085500000, 0x0000000085600000|  0%| F|  |TAMS 0x0000000085500000| PB 0x0000000085500000| Untracked 
|  62|0x0000000085600000, 0x0000000085600000, 0x0000000085700000|  0%| F|  |TAMS 0x0000000085600000| PB 0x0000000085600000| Untracked 
|  63|0x0000000085700000, 0x0000000085700000, 0x0000000085800000|  0%| F|  |TAMS 0x0000000085700000| PB 0x0000000085700000| Untracked 
|  64|0x0000000085800000, 0x0000000085800000, 0x0000000085900000|  0%| F|  |TAMS 0x0000000085800000| PB 0x0000000085800000| Untracked 
|  65|0x0000000085900000, 0x0000000085900000, 0x0000000085a00000|  0%| F|  |TAMS 0x0000000085900000| PB 0x0000000085900000| Untracked 
|  66|0x0000000085a00000, 0x0000000085a00000, 0x0000000085b00000|  0%| F|  |TAMS 0x0000000085a00000| PB 0x0000000085a00000| Untracked 
|  67|0x0000000085b00000, 0x0000000085b00000, 0x0000000085c00000|  0%| F|  |TAMS 0x0000000085b00000| PB 0x0000000085b00000| Untracked 
|  68|0x0000000085c00000, 0x0000000085c00000, 0x0000000085d00000|  0%| F|  |TAMS 0x0000000085c00000| PB 0x0000000085c00000| Untracked 
|  69|0x0000000085d00000, 0x0000000085d00000, 0x0000000085e00000|  0%| F|  |TAMS 0x0000000085d00000| PB 0x0000000085d00000| Untracked 
|  70|0x0000000085e00000, 0x0000000085e00000, 0x0000000085f00000|  0%| F|  |TAMS 0x0000000085e00000| PB 0x0000000085e00000| Untracked 
|  71|0x0000000085f00000, 0x0000000085f00000, 0x0000000086000000|  0%| F|  |TAMS 0x0000000085f00000| PB 0x0000000085f00000| Untracked 
|  72|0x0000000086000000, 0x0000000086000000, 0x0000000086100000|  0%| F|  |TAMS 0x0000000086000000| PB 0x0000000086000000| Untracked 
|  73|0x0000000086100000, 0x0000000086100000, 0x0000000086200000|  0%| F|  |TAMS 0x0000000086100000| PB 0x0000000086100000| Untracked 
|  74|0x0000000086200000, 0x0000000086200000, 0x0000000086300000|  0%| F|  |TAMS 0x0000000086200000| PB 0x0000000086200000| Untracked 
|  75|0x0000000086300000, 0x0000000086300000, 0x0000000086400000|  0%| F|  |TAMS 0x0000000086300000| PB 0x0000000086300000| Untracked 
|  76|0x0000000086400000, 0x0000000086400000, 0x0000000086500000|  0%| F|  |TAMS 0x0000000086400000| PB 0x0000000086400000| Untracked 
|  77|0x0000000086500000, 0x0000000086500000, 0x0000000086600000|  0%| F|  |TAMS 0x0000000086500000| PB 0x0000000086500000| Untracked 
|  78|0x0000000086600000, 0x0000000086600000, 0x0000000086700000|  0%| F|  |TAMS 0x0000000086600000| PB 0x0000000086600000| Untracked 
|  79|0x0000000086700000, 0x0000000086700000, 0x0000000086800000|  0%| F|  |TAMS 0x0000000086700000| PB 0x0000000086700000| Untracked 
|  80|0x0000000086800000, 0x0000000086800000, 0x0000000086900000|  0%| F|  |TAMS 0x0000000086800000| PB 0x0000000086800000| Untracked 
|  81|0x0000000086900000, 0x0000000086900000, 0x0000000086a00000|  0%| F|  |TAMS 0x0000000086900000| PB 0x0000000086900000| Untracked 
|  82|0x0000000086a00000, 0x0000000086a00000, 0x0000000086b00000|  0%| F|  |TAMS 0x0000000086a00000| PB 0x0000000086a00000| Untracked 
|  83|0x0000000086b00000, 0x0000000086b00000, 0x0000000086c00000|  0%| F|  |TAMS 0x0000000086b00000| PB 0x0000000086b00000| Untracked 
|  84|0x0000000086c00000, 0x0000000086c00000, 0x0000000086d00000|  0%| F|  |TAMS 0x0000000086c00000| PB 0x0000000086c00000| Untracked 
|  85|0x0000000086d00000, 0x0000000086d00000, 0x0000000086e00000|  0%| F|  |TAMS 0x0000000086d00000| PB 0x0000000086d00000| Untracked 
|  86|0x0000000086e00000, 0x0000000086e00000, 0x0000000086f00000|  0%| F|  |TAMS 0x0000000086e00000| PB 0x0000000086e00000| Untracked 
|  87|0x0000000086f00000, 0x0000000086f00000, 0x0000000087000000|  0%| F|  |TAMS 0x0000000086f00000| PB 0x0000000086f00000| Untracked 
|  88|0x0000000087000000, 0x0000000087000000, 0x0000000087100000|  0%| F|  |TAMS 0x0000000087000000| PB 0x0000000087000000| Untracked 
|  89|0x0000000087100000, 0x0000000087100000, 0x0000000087200000|  0%| F|  |TAMS 0x0000000087100000| PB 0x0000000087100000| Untracked 
|  90|0x0000000087200000, 0x0000000087200000, 0x0000000087300000|  0%| F|  |TAMS 0x0000000087200000| PB 0x0000000087200000| Untracked 
|  91|0x0000000087300000, 0x0000000087300000, 0x0000000087400000|  0%| F|  |TAMS 0x0000000087300000| PB 0x0000000087300000| Untracked 
|  92|0x0000000087400000, 0x0000000087400000, 0x0000000087500000|  0%| F|  |TAMS 0x0000000087400000| PB 0x0000000087400000| Untracked 
|  93|0x0000000087500000, 0x0000000087500000, 0x0000000087600000|  0%| F|  |TAMS 0x0000000087500000| PB 0x0000000087500000| Untracked 
|  94|0x0000000087600000, 0x0000000087600000, 0x0000000087700000|  0%| F|  |TAMS 0x0000000087600000| PB 0x0000000087600000| Untracked 
|  95|0x0000000087700000, 0x0000000087700000, 0x0000000087800000|  0%| F|  |TAMS 0x0000000087700000| PB 0x0000000087700000| Untracked 
|  96|0x0000000087800000, 0x0000000087800000, 0x0000000087900000|  0%| F|  |TAMS 0x0000000087800000| PB 0x0000000087800000| Untracked 
|  97|0x0000000087900000, 0x0000000087900000, 0x0000000087a00000|  0%| F|  |TAMS 0x0000000087900000| PB 0x0000000087900000| Untracked 
|  98|0x0000000087a00000, 0x0000000087a00000, 0x0000000087b00000|  0%| F|  |TAMS 0x0000000087a00000| PB 0x0000000087a00000| Untracked 
|  99|0x0000000087b00000, 0x0000000087b00000, 0x0000000087c00000|  0%| F|  |TAMS 0x0000000087b00000| PB 0x0000000087b00000| Untracked 
| 100|0x0000000087c00000, 0x0000000087c00000, 0x0000000087d00000|  0%| F|  |TAMS 0x0000000087c00000| PB 0x0000000087c00000| Untracked 
| 101|0x0000000087d00000, 0x0000000087d00000, 0x0000000087e00000|  0%| F|  |TAMS 0x0000000087d00000| PB 0x0000000087d00000| Untracked 
| 102|0x0000000087e00000, 0x0000000087e00000, 0x0000000087f00000|  0%| F|  |TAMS 0x0000000087e00000| PB 0x0000000087e00000| Untracked 
| 103|0x0000000087f00000, 0x0000000087f00000, 0x0000000088000000|  0%| F|  |TAMS 0x0000000087f00000| PB 0x0000000087f00000| Untracked 
| 104|0x0000000088000000, 0x0000000088000000, 0x0000000088100000|  0%| F|  |TAMS 0x0000000088000000| PB 0x0000000088000000| Untracked 
| 105|0x0000000088100000, 0x0000000088100000, 0x0000000088200000|  0%| F|  |TAMS 0x0000000088100000| PB 0x0000000088100000| Untracked 
| 106|0x0000000088200000, 0x0000000088200000, 0x0000000088300000|  0%| F|  |TAMS 0x0000000088200000| PB 0x0000000088200000| Untracked 
| 107|0x0000000088300000, 0x0000000088300000, 0x0000000088400000|  0%| F|  |TAMS 0x0000000088300000| PB 0x0000000088300000| Untracked 
| 108|0x0000000088400000, 0x0000000088400000, 0x0000000088500000|  0%| F|  |TAMS 0x0000000088400000| PB 0x0000000088400000| Untracked 
| 109|0x0000000088500000, 0x0000000088500000, 0x0000000088600000|  0%| F|  |TAMS 0x0000000088500000| PB 0x0000000088500000| Untracked 
| 110|0x0000000088600000, 0x0000000088600000, 0x0000000088700000|  0%| F|  |TAMS 0x0000000088600000| PB 0x0000000088600000| Untracked 
| 111|0x0000000088700000, 0x0000000088700000, 0x0000000088800000|  0%| F|  |TAMS 0x0000000088700000| PB 0x0000000088700000| Untracked 
| 112|0x0000000088800000, 0x0000000088800000, 0x0000000088900000|  0%| F|  |TAMS 0x0000000088800000| PB 0x0000000088800000| Untracked 
| 113|0x0000000088900000, 0x0000000088900000, 0x0000000088a00000|  0%| F|  |TAMS 0x0000000088900000| PB 0x0000000088900000| Untracked 
| 114|0x0000000088a00000, 0x0000000088a00000, 0x0000000088b00000|  0%| F|  |TAMS 0x0000000088a00000| PB 0x0000000088a00000| Untracked 
| 115|0x0000000088b00000, 0x0000000088b00000, 0x0000000088c00000|  0%| F|  |TAMS 0x0000000088b00000| PB 0x0000000088b00000| Untracked 
| 116|0x0000000088c00000, 0x0000000088c00000, 0x0000000088d00000|  0%| F|  |TAMS 0x0000000088c00000| PB 0x0000000088c00000| Untracked 
| 117|0x0000000088d00000, 0x0000000088d00000, 0x0000000088e00000|  0%| F|  |TAMS 0x0000000088d00000| PB 0x0000000088d00000| Untracked 
| 118|0x0000000088e00000, 0x0000000088e00000, 0x0000000088f00000|  0%| F|  |TAMS 0x0000000088e00000| PB 0x0000000088e00000| Untracked 
| 119|0x0000000088f00000, 0x0000000088f00000, 0x0000000089000000|  0%| F|  |TAMS 0x0000000088f00000| PB 0x0000000088f00000| Untracked 
| 120|0x0000000089000000, 0x0000000089000000, 0x0000000089100000|  0%| F|  |TAMS 0x0000000089000000| PB 0x0000000089000000| Untracked 
| 121|0x0000000089100000, 0x0000000089100000, 0x0000000089200000|  0%| F|  |TAMS 0x0000000089100000| PB 0x0000000089100000| Untracked 
| 122|0x0000000089200000, 0x0000000089200000, 0x0000000089300000|  0%| F|  |TAMS 0x0000000089200000| PB 0x0000000089200000| Untracked 
| 123|0x0000000089300000, 0x0000000089300000, 0x0000000089400000|  0%| F|  |TAMS 0x0000000089300000| PB 0x0000000089300000| Untracked 
| 124|0x0000000089400000, 0x0000000089400000, 0x0000000089500000|  0%| F|  |TAMS 0x0000000089400000| PB 0x0000000089400000| Untracked 
| 125|0x0000000089500000, 0x0000000089575c38, 0x0000000089600000| 46%| E|  |TAMS 0x0000000089500000| PB 0x0000000089500000| Complete 
| 126|0x0000000089600000, 0x0000000089700000, 0x0000000089700000|100%| E|CS|TAMS 0x0000000089600000| PB 0x0000000089600000| Complete 
| 127|0x0000000089700000, 0x0000000089800000, 0x0000000089800000|100%| E|CS|TAMS 0x0000000089700000| PB 0x0000000089700000| Complete 

Card table byte_map: [0x00000224b8ef0000,0x00000224b92f0000] _byte_map_base: 0x00000224b8ae4000

Marking Bits: (CMBitMap*) 0x00000224a4762190
 Bits: [0x00000224b92f0000, 0x00000224bb290000)

Polling page: 0x00000224a47e0000

Metaspace:

Usage:
  Non-class:      5.99 MB used.
      Class:    590.55 KB used.
       Both:      6.57 MB used.

Virtual space:
  Non-class space:       64.00 MB reserved,       6.00 MB (  9%) committed,  1 nodes.
      Class space:        1.00 GB reserved,     704.00 KB ( <1%) committed,  1 nodes.
             Both:        1.06 GB reserved,       6.69 MB ( <1%) committed. 

Chunk freelists:
   Non-Class:  9.00 MB
       Class:  15.25 MB
        Both:  24.25 MB

MaxMetaspaceSize: unlimited
CompressedClassSpaceSize: 1.00 GB
Initial GC threshold: 21.00 MB
Current GC threshold: 21.00 MB
CDS: off
 - commit_granule_bytes: 65536.
 - commit_granule_words: 8192.
 - virtual_space_node_default_size: 8388608.
 - enlarge_chunks_in_place: 1.
 - use_allocation_guard: 0.


Internal statistics:

num_allocs_failed_limit: 0.
num_arena_births: 6.
num_arena_deaths: 0.
num_vsnodes_births: 2.
num_vsnodes_deaths: 0.
num_space_committed: 107.
num_space_uncommitted: 0.
num_chunks_returned_to_freelist: 0.
num_chunks_taken_from_freelist: 24.
num_chunk_merges: 0.
num_chunk_splits: 9.
num_chunks_enlarged: 3.
num_inconsistent_stats: 0.

CodeHeap 'non-profiled nmethods': size=120000Kb used=47Kb max_used=47Kb free=119952Kb
 bounds [0x00000224b0b50000, 0x00000224b0dc0000, 0x00000224b8080000]
CodeHeap 'profiled nmethods': size=120000Kb used=198Kb max_used=198Kb free=119801Kb
 bounds [0x00000224a9080000, 0x00000224a92f0000, 0x00000224b05b0000]
CodeHeap 'non-nmethods': size=5760Kb used=1266Kb max_used=1279Kb free=4493Kb
 bounds [0x00000224b05b0000, 0x00000224b0820000, 0x00000224b0b50000]
 total_blobs=555 nmethods=152 adapters=308
 compilation: enabled
              stopped_count=0, restarted_count=0
 full_count=0

Compilation events (20 events):
Event: 0.334 Thread 0x00000224c209bdb0  142       3       java.util.Arrays::copyOf (33 bytes)
Event: 0.334 Thread 0x00000224c209bdb0 nmethod 142 0x00000224a90af510 code [0x00000224a90af700, 0x00000224a90afbc0]
Event: 0.334 Thread 0x00000224c209bdb0  143       3       java.lang.AbstractStringBuilder::newCapacity (59 bytes)
Event: 0.335 Thread 0x00000224c209bdb0 nmethod 143 0x00000224a90afd10 code [0x00000224a90aff00, 0x00000224a90b02d8]
Event: 0.335 Thread 0x00000224c209bdb0  145       3       java.util.HashMap$HashIterator::hasNext (13 bytes)
Event: 0.335 Thread 0x00000224c209bdb0 nmethod 145 0x00000224a90b0490 code [0x00000224a90b0620, 0x00000224a90b0780]
Event: 0.335 Thread 0x00000224c209bdb0  149       3       java.lang.StringBuilder::length (5 bytes)
Event: 0.336 Thread 0x00000224c209bdb0 nmethod 149 0x00000224a90b0810 code [0x00000224a90b09a0, 0x00000224a90b0ac0]
Event: 0.336 Thread 0x00000224c209bdb0  150       3       java.lang.AbstractStringBuilder::<init> (39 bytes)
Event: 0.336 Thread 0x00000224c209bdb0 nmethod 150 0x00000224a90b0b90 code [0x00000224a90b0d40, 0x00000224a90b0fc0]
Event: 0.336 Thread 0x00000224c209bdb0  151       3       java.lang.StringBuilder::toString (9 bytes)
Event: 0.336 Thread 0x00000224c209bdb0 nmethod 151 0x00000224a90b1090 code [0x00000224a90b1240, 0x00000224a90b1448]
Event: 0.336 Thread 0x00000224c209bdb0  152       3       java.lang.String::<init> (7 bytes)
Event: 0.336 Thread 0x00000224c209bdb0 nmethod 152 0x00000224a90b1510 code [0x00000224a90b16c0, 0x00000224a90b1808]
Event: 0.336 Thread 0x00000224c209bdb0  146       1       java.security.Provider$Service::getType (5 bytes)
Event: 0.336 Thread 0x00000224c209bdb0 nmethod 146 0x00000224b0b5b610 code [0x00000224b0b5b7a0, 0x00000224b0b5b868]
Event: 0.336 Thread 0x00000224c209bdb0  147       1       java.security.Provider$Service::getAlgorithm (5 bytes)
Event: 0.337 Thread 0x00000224c209bdb0 nmethod 147 0x00000224b0b5b910 code [0x00000224b0b5baa0, 0x00000224b0b5bb68]
Event: 0.337 Thread 0x00000224c209bdb0  148       1       java.security.Provider$Service::getAliases (5 bytes)
Event: 0.337 Thread 0x00000224c209bdb0 nmethod 148 0x00000224b0b5bc10 code [0x00000224b0b5bda0, 0x00000224b0b5be68]

GC Heap History (0 events):
No events

Dll operation events (2 events):
Event: 0.011 Loaded shared library C:\Program Files\Android\Android Studio\jbr\bin\java.dll
Event: 0.021 Loaded shared library C:\Program Files\Android\Android Studio\jbr\bin\zip.dll

Deoptimization events (0 events):
No events

Classes loaded (20 events):
Event: 0.337 Loading class java/util/Spliterators$EmptySpliterator$OfInt
Event: 0.337 Loading class java/util/Spliterator$OfInt
Event: 0.337 Loading class java/util/Spliterator$OfPrimitive
Event: 0.337 Loading class java/util/Spliterator$OfPrimitive done
Event: 0.337 Loading class java/util/Spliterator$OfInt done
Event: 0.337 Loading class java/util/Spliterators$EmptySpliterator$OfInt done
Event: 0.337 Loading class java/util/Spliterators$EmptySpliterator$OfLong
Event: 0.337 Loading class java/util/Spliterator$OfLong
Event: 0.337 Loading class java/util/Spliterator$OfLong done
Event: 0.337 Loading class java/util/Spliterators$EmptySpliterator$OfLong done
Event: 0.337 Loading class java/util/Spliterators$EmptySpliterator$OfDouble
Event: 0.337 Loading class java/util/Spliterator$OfDouble
Event: 0.337 Loading class java/util/Spliterator$OfDouble done
Event: 0.337 Loading class java/util/Spliterators$EmptySpliterator$OfDouble done
Event: 0.337 Loading class java/util/Spliterators$ArraySpliterator
Event: 0.337 Loading class java/util/Spliterators$ArraySpliterator done
Event: 0.338 Loading class java/util/stream/StreamSupport
Event: 0.338 Loading class java/util/stream/StreamSupport done
Event: 0.338 Loading class java/util/stream/ReferencePipeline$Head
Event: 0.338 Loading class java/util/stream/ReferencePipeline

Classes unloaded (0 events):
No events

Classes redefined (0 events):
No events

Internal exceptions (0 events):
No events

ZGC Phase Switch (0 events):
No events

VM Operations (4 events):
Event: 0.223 Executing VM operation: HandshakeAllThreads (Deoptimize)
Event: 0.223 Executing VM operation: HandshakeAllThreads (Deoptimize) done
Event: 0.242 Executing VM operation: HandshakeAllThreads (Deoptimize)
Event: 0.242 Executing VM operation: HandshakeAllThreads (Deoptimize) done

Memory protections (0 events):
No events

Nmethod flushes (0 events):
No events

Events (14 events):
Event: 0.019 Thread 0x00000224a470d550 Thread added: 0x00000224a470d550
Event: 0.115 Thread 0x00000224a470d550 Thread added: 0x00000224c2076190
Event: 0.116 Thread 0x00000224a470d550 Thread added: 0x00000224c2076ea0
Event: 0.117 Thread 0x00000224a470d550 Thread added: 0x00000224c205a760
Event: 0.117 Thread 0x00000224a470d550 Thread added: 0x00000224c205b1b0
Event: 0.118 Thread 0x00000224a470d550 Thread added: 0x00000224c205bc00
Event: 0.118 Thread 0x00000224a470d550 Thread added: 0x00000224c205c650
Event: 0.118 Thread 0x00000224a470d550 Thread added: 0x00000224c209a1e0
Event: 0.118 Thread 0x00000224a470d550 Thread added: 0x00000224c209bdb0
Event: 0.173 Thread 0x00000224a470d550 Thread added: 0x00000224c2226580
Event: 0.184 Thread 0x00000224a470d550 Thread added: 0x00000224c2249e20
Event: 0.197 Loaded shared library C:\Program Files\Android\Android Studio\jbr\bin\net.dll
Event: 0.200 Loaded shared library C:\Program Files\Android\Android Studio\jbr\bin\nio.dll
Event: 0.214 Loaded shared library C:\Program Files\Android\Android Studio\jbr\bin\zip.dll


Dynamic libraries:
0x00007ff6a3bf0000 - 0x00007ff6a3bfa000 	C:\Program Files\Android\Android Studio\jbr\bin\java.exe
0x00007ff8a1ef0000 - 0x00007ff8a20e8000 	C:\Windows\SYSTEM32\ntdll.dll
0x00007ff8a1370000 - 0x00007ff8a1432000 	C:\Windows\System32\KERNEL32.DLL
0x00007ff89fb70000 - 0x00007ff89fe6f000 	C:\Windows\System32\KERNELBASE.dll
0x00007ff89f7c0000 - 0x00007ff89f8c0000 	C:\Windows\System32\ucrtbase.dll
0x00007ff89b160000 - 0x00007ff89b178000 	C:\Program Files\Android\Android Studio\jbr\bin\jli.dll
0x00007ff88c1c0000 - 0x00007ff88c1db000 	C:\Program Files\Android\Android Studio\jbr\bin\VCRUNTIME140.dll
0x00007ff8a1520000 - 0x00007ff8a16bd000 	C:\Windows\System32\USER32.dll
0x00007ff89f8c0000 - 0x00007ff89f8e2000 	C:\Windows\System32\win32u.dll
0x00007ff88b920000 - 0x00007ff88bbba000 	C:\Windows\WinSxS\amd64_microsoft.windows.common-controls_6595b64144ccf1df_6.0.19041.4355_none_60b8b9eb71f62e16\COMCTL32.dll
0x00007ff8a16c0000 - 0x00007ff8a16eb000 	C:\Windows\System32\GDI32.dll
0x00007ff8a04c0000 - 0x00007ff8a055e000 	C:\Windows\System32\msvcrt.dll
0x00007ff89fa50000 - 0x00007ff89fb6a000 	C:\Windows\System32\gdi32full.dll
0x00007ff89fe70000 - 0x00007ff89ff0d000 	C:\Windows\System32\msvcp_win.dll
0x00007ff8a1210000 - 0x00007ff8a123f000 	C:\Windows\System32\IMM32.DLL
0x00007ff89a500000 - 0x00007ff89a50c000 	C:\Program Files\Android\Android Studio\jbr\bin\vcruntime140_1.dll
0x00007ff876ac0000 - 0x00007ff876b4d000 	C:\Program Files\Android\Android Studio\jbr\bin\msvcp140.dll
0x00007ff841820000 - 0x00007ff8424aa000 	C:\Program Files\Android\Android Studio\jbr\bin\server\jvm.dll
0x00007ff8a0690000 - 0x00007ff8a073f000 	C:\Windows\System32\ADVAPI32.dll
0x00007ff8a1c60000 - 0x00007ff8a1cff000 	C:\Windows\System32\sechost.dll
0x00007ff8a1240000 - 0x00007ff8a1363000 	C:\Windows\System32\RPCRT4.dll
0x00007ff89f690000 - 0x00007ff89f6b7000 	C:\Windows\System32\bcrypt.dll
0x00007ff8a16f0000 - 0x00007ff8a175b000 	C:\Windows\System32\WS2_32.dll
0x00007ff89eb20000 - 0x00007ff89eb6b000 	C:\Windows\SYSTEM32\POWRPROF.dll
0x00007ff889670000 - 0x00007ff889697000 	C:\Windows\SYSTEM32\WINMM.dll
0x00007ff89a990000 - 0x00007ff89a99a000 	C:\Windows\SYSTEM32\VERSION.dll
0x00007ff89e990000 - 0x00007ff89e9a2000 	C:\Windows\SYSTEM32\UMPDC.dll
0x00007ff89de00000 - 0x00007ff89de12000 	C:\Windows\SYSTEM32\kernel.appcore.dll
0x00007ff89a020000 - 0x00007ff89a02a000 	C:\Program Files\Android\Android Studio\jbr\bin\jimage.dll
0x00007ff89dac0000 - 0x00007ff89dca4000 	C:\Windows\SYSTEM32\DBGHELP.DLL
0x00007ff873d00000 - 0x00007ff873d34000 	C:\Windows\SYSTEM32\dbgcore.DLL
0x00007ff89f590000 - 0x00007ff89f612000 	C:\Windows\System32\bcryptPrimitives.dll
0x00007ff88c1a0000 - 0x00007ff88c1c0000 	C:\Program Files\Android\Android Studio\jbr\bin\java.dll
0x00007ff88b880000 - 0x00007ff88b898000 	C:\Program Files\Android\Android Studio\jbr\bin\zip.dll
0x00007ff8a0aa0000 - 0x00007ff8a120d000 	C:\Windows\System32\SHELL32.dll
0x00007ff89d240000 - 0x00007ff89d9e4000 	C:\Windows\SYSTEM32\windows.storage.dll
0x00007ff8a1760000 - 0x00007ff8a1ab5000 	C:\Windows\System32\combase.dll
0x00007ff89efc0000 - 0x00007ff89efeb000 	C:\Windows\SYSTEM32\Wldp.dll
0x00007ff8a1de0000 - 0x00007ff8a1ead000 	C:\Windows\System32\OLEAUT32.dll
0x00007ff8a0410000 - 0x00007ff8a04bd000 	C:\Windows\System32\SHCORE.dll
0x00007ff8a1d80000 - 0x00007ff8a1dd5000 	C:\Windows\System32\shlwapi.dll
0x00007ff89f4c0000 - 0x00007ff89f4e5000 	C:\Windows\SYSTEM32\profapi.dll
0x00007ff899920000 - 0x00007ff899930000 	C:\Program Files\Android\Android Studio\jbr\bin\net.dll
0x00007ff896210000 - 0x00007ff89631a000 	C:\Windows\SYSTEM32\WINHTTP.dll
0x00007ff89ed20000 - 0x00007ff89ed8c000 	C:\Windows\system32\mswsock.dll
0x00007ff88b500000 - 0x00007ff88b516000 	C:\Program Files\Android\Android Studio\jbr\bin\nio.dll

dbghelp: loaded successfully - version: 4.0.5 - missing functions: none
symbol engine: initialized successfully - sym options: 0x614 - pdb path: .;C:\Program Files\Android\Android Studio\jbr\bin;C:\Windows\SYSTEM32;C:\Windows\WinSxS\amd64_microsoft.windows.common-controls_6595b64144ccf1df_6.0.19041.4355_none_60b8b9eb71f62e16;C:\Program Files\Android\Android Studio\jbr\bin\server

VM Arguments:
java_command: git4idea.http.GitAskPassApp Username for 'https://github.com': 
java_class_path (initial): C:/Program Files/Android/Android Studio/plugins/vcs-git/lib/git4idea-rt.jar;C:/Program Files/Android/Android Studio/lib/externalProcess-rt.jar
Launcher Type: SUN_STANDARD

[Global flags]
     intx CICompilerCount                          = 4                                         {product} {ergonomic}
     uint ConcGCThreads                            = 2                                         {product} {ergonomic}
     uint G1ConcRefinementThreads                  = 8                                         {product} {ergonomic}
   size_t G1HeapRegionSize                         = 1048576                                   {product} {ergonomic}
    uintx GCDrainStackTargetSize                   = 64                                        {product} {ergonomic}
   size_t InitialHeapSize                          = 134217728                                 {product} {ergonomic}
   size_t MarkStackSize                            = 4194304                                   {product} {ergonomic}
   size_t MaxHeapSize                              = 2122317824                                {product} {ergonomic}
   size_t MaxNewSize                               = 1272971264                                {product} {ergonomic}
   size_t MinHeapDeltaBytes                        = 1048576                                   {product} {ergonomic}
   size_t MinHeapSize                              = 8388608                                   {product} {ergonomic}
    uintx NonNMethodCodeHeapSize                   = 5839372                                {pd product} {ergonomic}
    uintx NonProfiledCodeHeapSize                  = 122909434                              {pd product} {ergonomic}
    uintx ProfiledCodeHeapSize                     = 122909434                              {pd product} {ergonomic}
    uintx ReservedCodeCacheSize                    = 251658240                              {pd product} {ergonomic}
     bool SegmentedCodeCache                       = true                                      {product} {ergonomic}
   size_t SoftMaxHeapSize                          = 2122317824                             {manageable} {ergonomic}
     bool UseCompressedOops                        = true                           {product lp64_product} {ergonomic}
     bool UseG1GC                                  = true                                      {product} {ergonomic}
     bool UseLargePagesIndividualAllocation        = false                                  {pd product} {ergonomic}

Logging:
Log output configuration:
 #0: stdout all=warning uptime,level,tags foldmultilines=false
 #1: stderr all=off uptime,level,tags foldmultilines=false

Environment Variables:
PATH=C:/Program Files/Git/mingw64/libexec/git-core;C:/Program Files/Git/mingw64/libexec/git-core;C:\Program Files\Git\mingw64\bin;C:\Program Files\Git\usr\bin;C:\Users\DELL\bin;C:\Users\DELL\myvenv\Scripts;C:\Windows\system32;C:\Windows;C:\Windows\System32\Wbem;C:\Windows\System32\WindowsPowerShell\v1.0\;C:\Windows\System32\OpenSSH\;C:\Program Files\Git\cmd;C:\Program Files\Git\mingw64\bin;C:\Program Files\Git\usr\bin;C:\Program Files\Microsoft SQL Server\Client SDK\ODBC\170\Tools\Binn\;C:\Program Files (x86)\Microsoft SQL Server\150\Tools\Binn\;C:\Program Files\Microsoft SQL Server\150\Tools\Binn\;C:\Program Files\Microsoft SQL Server\150\DTS\Binn\;C:\Program Files\MATLAB\R2024a\runtime\win64;C:\Program Files\MATLAB\R2024a\bin;C:\MinGW\bin;C:\protoc\bin;C:\protoc\include;C:\Users\DELL\Downloads\emulator;C:\Users\DELL\AppData\Local\Microsoft\WindowsApps
USERNAME=DELL
DISPLAY=:0.0
LC_ALL=en_US.UTF-8
TERM=xterm-256color
TMPDIR=C:\Users\DELL\AppData\Local\Temp
OS=Windows_NT
PROCESSOR_IDENTIFIER=Intel64 Family 6 Model 142 Stepping 10, GenuineIntel
TMP=C:\Users\DELL\AppData\Local\Temp
TEMP=C:\Users\DELL\AppData\Local\Temp




Periodic native trim disabled

JNI global refs:
JNI global refs: 8, weak refs: 0

JNI global refs memory usage: 835, weak refs: 201

Process memory usage:
Resident Set Size: 36572K (0% of 8283164K total physical memory with 593112K free physical memory)

OOME stack traces (most recent first):
Classloader memory used:
Loader bootstrap                                                                       : 6711K
Loader jdk.internal.loader.ClassLoaders$AppClassLoader                                 : 16400B

---------------  S Y S T E M  ---------------

OS:
 Windows 10 , 64 bit Build 19041 (10.0.19041.5438)
OS uptime: 0 days 2:15 hours

CPU: total 8 (initial active 8) (4 cores per cpu, 2 threads per core) family 6 model 142 stepping 10 microcode 0xf0, cx8, cmov, fxsr, ht, mmx, 3dnowpref, sse, sse2, sse3, ssse3, sse4.1, sse4.2, popcnt, lzcnt, tsc, tscinvbit, avx, avx2, aes, erms, clmul, bmi1, bmi2, adx, fma, vzeroupper, clflush, clflushopt, rdtscp, f16c
Processor Information for all 8 processors :
  Max Mhz: 1992, Current Mhz: 1593, Mhz Limit: 1792

Memory: 4k page, system-wide physical 8089M (579M free)
TotalPageFile size 10137M (AvailPageFile size 4M)
current process WorkingSet (physical memory assigned to process): 35M, peak: 35M
current process commit charge ("private bytes"): 204M, peak: 205M

vm_info: OpenJDK 64-Bit Server VM (21.0.5+-13047016-b750.29) for windows-amd64 JRE (21.0.5+-13047016-b750.29), built on 2025-02-11T21:12:39Z by "builder" with MS VC++ 16.10 / 16.11 (VS2019)

END.
